This is pdfTeX, Version 3.141592653-2.6-1.40.26 (TeX Live 2024) (preloaded format=pdflatex 2024.6.7)  7 MAY 2025 14:41
entering extended mode
 restricted \write18 enabled.
 %&-line parsing enabled.
**/Users/trymnf/Data/tnf-website-new/content/blog/research-relay.md
(/Users/trymnf/Data/tnf-website-new/content/blog/research-relay.md
LaTeX2e <2024-06-01>
L3 programming layer <2024-05-27>

! LaTeX Error: Missing \begin{document}.

See the LaTeX manual or LaTeX Companion for explanation.
Type  H <return>  for immediate help.
 ...                                              
                                                  
l.1 -
     --
? 
! Emergency stop.
 ...                                              
                                                  
l.1 -
     --
You're in trouble here.  Try typing  <return>  to proceed.
If that doesn't work, type  X <return>  to quit.

 
Here is how much of TeX's memory you used:
 17 strings out of 475517
 648 string characters out of 5775889
 1925891 words of memory out of 5000000
 22744 multiletter control sequences out of 15000+600000
 558069 words of font info for 36 fonts, out of 8000000 for 9000
 36 hyphenation exceptions out of 8191
 15i,0n,18p,104b,14s stack positions out of 10000i,1000n,20000p,200000b,200000s
!  ==> Fatal error occurred, no output PDF file produced!
